20/06/2024 16:59:48 [INFO]: HTTP Server listening on port 4000
20/06/2024 17:00:04 [INFO]: HTTP Server listening on port 4000
20/06/2024 17:37:33 [INFO]: HTTP Server listening on port 4000
20/06/2024 17:37:49 [INFO]: HTTP Server listening on port 4000
20/06/2024 17:38:18 [INFO]: HTTP Server listening on port 4000
20/06/2024 17:40:08 [INFO]: HTTP Server listening on port 4000
20/06/2024 17:41:06 [INFO]: HTTP Server listening on port 4000
20/06/2024 17:41:24 [INFO]: HTTP Server listening on port 4000
21/06/2024 10:27:19 [INFO]: HTTP Server listening on port 4000
21/06/2024 10:29:28 [INFO]: HTTP Server listening on port 4000
21/06/2024 10:40:21 [INFO]: HTTP Server listening on port 4000
21/06/2024 10:43:00 [INFO]: HTTP Server listening on port 4000
21/06/2024 10:51:29 [INFO]: HTTP Server listening on port 4000
21/06/2024 10:53:43 [INFO]: HTTP Server listening on port 4000
21/06/2024 10:53:51 [INFO]: HTTP Server listening on port 4000
21/06/2024 10:57:49 [INFO]: HTTP Server listening on port 4000
21/06/2024 11:14:40 [INFO]: HTTP Server listening on port 4000
21/06/2024 11:15:41 [INFO]: HTTP Server listening on port 4000
21/06/2024 11:20:33 [INFO]: HTTP Server listening on port 4000
21/06/2024 11:25:40 [INFO]: HTTP Server listening on port 4000
21/06/2024 11:27:00 [INFO]: HTTP Server listening on port 4000
21/06/2024 11:28:45 [INFO]: HTTP Server listening on port 4000
21/06/2024 11:29:58 [INFO]: HTTP Server listening on port 4000
21/06/2024 11:30:23 [INFO]: HTTP Server listening on port 4000
21/06/2024 11:36:28 [INFO]: HTTP Server listening on port 4000
21/06/2024 11:37:37 [INFO]: HTTP Server listening on port 4000
21/06/2024 11:38:30 [INFO]: HTTP Server listening on port 4000
21/06/2024 11:39:49 [INFO]: HTTP Server listening on port 4000
21/06/2024 11:41:43 [INFO]: HTTP Server listening on port 4000
21/06/2024 11:42:40 [INFO]: HTTP Server listening on port 4000
21/06/2024 11:43:04 [INFO]: HTTP Server listening on port 4000
21/06/2024 11:43:48 [INFO]: HTTP Server listening on port 4000
21/06/2024 11:45:34 [INFO]: HTTP Server listening on port 4000
21/06/2024 11:47:27 [INFO]: HTTP Server listening on port 4000
21/06/2024 11:49:12 [INFO]: HTTP Server listening on port 4000
21/06/2024 11:53:51 [INFO]: HTTP Server listening on port 4000
21/06/2024 11:54:36 [INFO]: HTTP Server listening on port 4000
21/06/2024 11:54:49 [INFO]: HTTP Server listening on port 4000
21/06/2024 11:55:13 [INFO]: HTTP Server listening on port 4000
21/06/2024 12:01:12 [INFO]: HTTP Server listening on port 4000
21/06/2024 12:14:17 [INFO]: HTTP Server listening on port 4000
21/06/2024 12:14:34 [INFO]: HTTP Server listening on port 4000
21/06/2024 12:15:00 [INFO]: HTTP Server listening on port 4000
21/06/2024 12:18:28 [INFO]: HTTP Server listening on port 4000
21/06/2024 12:19:47 [INFO]: HTTP Server listening on port 4000
21/06/2024 12:24:34 [INFO]: HTTP Server listening on port 4000
21/06/2024 12:24:44 [INFO]: HTTP Server listening on port 4000
21/06/2024 12:33:55 [INFO]: HTTP Server listening on port 4000
21/06/2024 12:34:16 [INFO]: HTTP Server listening on port 4000
21/06/2024 12:34:34 [INFO]: HTTP Server listening on port 4000
21/06/2024 12:35:11 [INFO]: HTTP Server listening on port 4000
21/06/2024 12:35:50 [INFO]: HTTP Server listening on port 4000
21/06/2024 12:38:21 [INFO]: HTTP Server listening on port 4000
21/06/2024 12:39:36 [INFO]: HTTP Server listening on port 4000
21/06/2024 12:40:23 [INFO]: HTTP Server listening on port 4000
21/06/2024 12:40:36 [INFO]: HTTP Server listening on port 4000
21/06/2024 12:41:02 [INFO]: HTTP Server listening on port 4000
21/06/2024 12:41:36 [INFO]: HTTP Server listening on port 4000
21/06/2024 12:42:02 [INFO]: HTTP Server listening on port 4000
21/06/2024 12:43:50 [INFO]: HTTP Server listening on port 4000
21/06/2024 12:49:40 [INFO]: HTTP Server listening on port 4000
21/06/2024 12:50:31 [INFO]: HTTP Server listening on port 4000
21/06/2024 12:50:34 [INFO]: HTTP Server listening on port 4000
21/06/2024 12:50:51 [INFO]: HTTP Server listening on port 4000
21/06/2024 12:59:04 [INFO]: HTTP Server listening on port 4000
21/06/2024 12:59:46 [INFO]: HTTP Server listening on port 4000
21/06/2024 12:59:50 [INFO]: HTTP Server listening on port 4000
21/06/2024 13:03:31 [INFO]: HTTP Server listening on port 4000
21/06/2024 13:05:16 [INFO]: HTTP Server listening on port 4000
21/06/2024 13:06:26 [INFO]: HTTP Server listening on port 4000
21/06/2024 13:06:37 [INFO]: HTTP Server listening on port 4000
21/06/2024 13:06:44 [INFO]: HTTP Server listening on port 4000
21/06/2024 13:08:32 [INFO]: HTTP Server listening on port 4000
21/06/2024 13:10:19 [INFO]: HTTP Server listening on port 4000
21/06/2024 13:10:41 [INFO]: HTTP Server listening on port 4000
21/06/2024 13:11:46 [INFO]: HTTP Server listening on port 4000
21/06/2024 13:11:57 [INFO]: HTTP Server listening on port 4000
21/06/2024 13:12:59 [INFO]: HTTP Server listening on port 4000
21/06/2024 13:16:20 [INFO]: HTTP Server listening on port 4000
21/06/2024 14:44:44 [INFO]: HTTP Server listening on port 4000
<<<<<<< HEAD
21/06/2024 14:52:17 [INFO]: HTTP Server listening on port 4000
21/06/2024 14:53:35 [INFO]: HTTP Server listening on port 4000
21/06/2024 14:55:29 [INFO]: HTTP Server listening on port 4000
21/06/2024 15:03:19 [INFO]: HTTP Server listening on port 4000
21/06/2024 15:08:22 [INFO]: HTTP Server listening on port 4000
21/06/2024 15:11:36 [INFO]: HTTP Server listening on port 4000
21/06/2024 15:12:15 [INFO]: HTTP Server listening on port 4000
21/06/2024 15:18:19 [INFO]: HTTP Server listening on port 4000
21/06/2024 15:21:45 [INFO]: HTTP Server listening on port 4000
21/06/2024 15:22:16 [INFO]: HTTP Server listening on port 4000
21/06/2024 15:22:32 [INFO]: HTTP Server listening on port 4000
21/06/2024 15:25:15 [INFO]: HTTP Server listening on port 4000
21/06/2024 15:34:57 [INFO]: HTTP Server listening on port 4000
21/06/2024 15:39:55 [INFO]: HTTP Server listening on port 4000
21/06/2024 15:41:00 [INFO]: HTTP Server listening on port 4000
21/06/2024 15:43:08 [INFO]: HTTP Server listening on port 4000
21/06/2024 15:45:11 [INFO]: HTTP Server listening on port 4000
21/06/2024 15:47:51 [INFO]: HTTP Server listening on port 4000
21/06/2024 15:52:08 [INFO]: HTTP Server listening on port 4000
21/06/2024 15:52:36 [INFO]: HTTP Server listening on port 4000
21/06/2024 15:55:03 [INFO]: HTTP Server listening on port 4000
21/06/2024 15:59:24 [ERROR]: existingRole is not defined
21/06/2024 16:00:33 [INFO]: HTTP Server listening on port 4000
21/06/2024 16:00:36 [ERROR]: Document must be a valid JavaScript object
21/06/2024 16:02:59 [INFO]: HTTP Server listening on port 4000
21/06/2024 16:05:14 [INFO]: HTTP Server listening on port 4000
21/06/2024 16:05:17 [INFO]: HTTP Server listening on port 4000
21/06/2024 16:11:37 [INFO]: HTTP Server listening on port 4000
21/06/2024 16:15:12 [INFO]: HTTP Server listening on port 4000
21/06/2024 16:16:37 [INFO]: HTTP Server listening on port 4000
21/06/2024 16:17:36 [INFO]: HTTP Server listening on port 4000
21/06/2024 16:19:35 [INFO]: HTTP Server listening on port 4000
21/06/2024 16:19:50 [INFO]: HTTP Server listening on port 4000
21/06/2024 16:19:57 [INFO]: HTTP Server listening on port 4000
21/06/2024 16:20:05 [INFO]: HTTP Server listening on port 4000
21/06/2024 16:20:12 [INFO]: HTTP Server listening on port 4000
21/06/2024 16:21:49 [INFO]: HTTP Server listening on port 4000
21/06/2024 16:25:04 [INFO]: HTTP Server listening on port 4000
21/06/2024 16:26:58 [INFO]: HTTP Server listening on port 4000
21/06/2024 16:27:37 [INFO]: HTTP Server listening on port 4000
21/06/2024 16:48:38 [INFO]: HTTP Server listening on port 4000
21/06/2024 16:48:44 [INFO]: HTTP Server listening on port 4000
21/06/2024 16:53:08 [INFO]: HTTP Server listening on port 4000
21/06/2024 17:08:23 [INFO]: HTTP Server listening on port 4000
21/06/2024 17:09:15 [INFO]: HTTP Server listening on port 4000
21/06/2024 17:12:45 [INFO]: HTTP Server listening on port 4000
21/06/2024 17:13:08 [INFO]: HTTP Server listening on port 4000
21/06/2024 17:15:22 [INFO]: HTTP Server listening on port 4000
21/06/2024 17:16:12 [INFO]: HTTP Server listening on port 4000
21/06/2024 17:17:01 [INFO]: HTTP Server listening on port 4000
21/06/2024 17:18:05 [INFO]: HTTP Server listening on port 4000
21/06/2024 17:18:20 [INFO]: HTTP Server listening on port 4000
21/06/2024 17:19:05 [INFO]: HTTP Server listening on port 4000
21/06/2024 17:20:36 [INFO]: HTTP Server listening on port 4000
21/06/2024 17:21:39 [INFO]: HTTP Server listening on port 4000
21/06/2024 17:22:15 [INFO]: HTTP Server listening on port 4000
21/06/2024 17:23:58 [INFO]: HTTP Server listening on port 4000
21/06/2024 17:24:04 [INFO]: HTTP Server listening on port 4000
21/06/2024 17:37:28 [INFO]: HTTP Server listening on port 4000
21/06/2024 17:43:19 [INFO]: HTTP Server listening on port 4000
21/06/2024 17:43:28 [INFO]: HTTP Server listening on port 4000
21/06/2024 17:43:48 [INFO]: HTTP Server listening on port 4000
21/06/2024 17:45:34 [INFO]: HTTP Server listening on port 4000
21/06/2024 17:45:47 [ERROR]: email_id is not defined
21/06/2024 17:46:17 [ERROR]: email_id is not defined
21/06/2024 17:47:00 [INFO]: HTTP Server listening on port 4000
21/06/2024 17:48:34 [INFO]: HTTP Server listening on port 4000
21/06/2024 17:49:03 [INFO]: HTTP Server listening on port 4000
21/06/2024 17:50:12 [INFO]: HTTP Server listening on port 4000
21/06/2024 17:52:31 [INFO]: HTTP Server listening on port 4000
21/06/2024 17:54:46 [INFO]: HTTP Server listening on port 4000
21/06/2024 17:55:48 [INFO]: HTTP Server listening on port 4000
21/06/2024 17:57:46 [INFO]: HTTP Server listening on port 4000
21/06/2024 17:58:10 [INFO]: HTTP Server listening on port 4000
21/06/2024 17:58:24 [INFO]: HTTP Server listening on port 4000
21/06/2024 17:59:32 [INFO]: HTTP Server listening on port 4000
21/06/2024 18:01:46 [INFO]: HTTP Server listening on port 4000
21/06/2024 18:05:48 [INFO]: HTTP Server listening on port 4000
21/06/2024 18:07:30 [INFO]: HTTP Server listening on port 4000
21/06/2024 18:08:23 [INFO]: HTTP Server listening on port 4000
21/06/2024 18:13:01 [INFO]: HTTP Server listening on port 4000
=======
21/06/2024 14:54:46 [INFO]: HTTP Server listening on port 4000
21/06/2024 15:06:47 [INFO]: HTTP Server listening on port 4000
21/06/2024 15:22:46 [INFO]: HTTP Server listening on port 4000
21/06/2024 15:25:29 [INFO]: HTTP Server listening on port 4000
21/06/2024 15:30:22 [INFO]: HTTP Server listening on port 4000
21/06/2024 15:34:03 [INFO]: HTTP Server listening on port 4000
21/06/2024 15:44:54 [INFO]: HTTP Server listening on port 4000
21/06/2024 16:02:08 [INFO]: HTTP Server listening on port 4000
21/06/2024 16:05:09 [INFO]: HTTP Server listening on port 4000
21/06/2024 16:07:02 [INFO]: HTTP Server listening on port 4000
21/06/2024 16:08:16 [INFO]: HTTP Server listening on port 4000
21/06/2024 16:13:14 [INFO]: HTTP Server listening on port 4000
21/06/2024 16:15:00 [INFO]: HTTP Server listening on port 4000
21/06/2024 16:15:44 [INFO]: HTTP Server listening on port 4000
21/06/2024 16:17:52 [INFO]: HTTP Server listening on port 4000
21/06/2024 16:21:30 [INFO]: HTTP Server listening on port 4000
21/06/2024 16:23:17 [INFO]: HTTP Server listening on port 4000
21/06/2024 16:46:44 [INFO]: HTTP Server listening on port 4000
21/06/2024 16:47:00 [ERROR]: Error in add new client: Error: Failed to add new client
21/06/2024 16:48:39 [INFO]: HTTP Server listening on port 4000
21/06/2024 16:48:47 [ERROR]: Error in add new client: Error: Client with this email already exists
21/06/2024 16:53:34 [INFO]: HTTP Server listening on port 4000
21/06/2024 16:53:40 [ERROR]: Error in add new client: Error: Client with this email already exists
21/06/2024 16:54:08 [INFO]: HTTP Server listening on port 4000
21/06/2024 16:54:12 [ERROR]: Error in add new client: Error: Client with this email already exists
21/06/2024 16:54:52 [INFO]: HTTP Server listening on port 4000
21/06/2024 16:54:58 [ERROR]: Error in add new client: Error: Failed to add new client
21/06/2024 16:55:50 [INFO]: HTTP Server listening on port 4000
21/06/2024 17:02:26 [INFO]: HTTP Server listening on port 4000
21/06/2024 17:24:28 [INFO]: HTTP Server listening on port 4000
21/06/2024 17:26:53 [INFO]: HTTP Server listening on port 4000
>>>>>>> 9cbe31beea743a2705601f9e3cd6e0c2f467440b
21/06/2024 18:57:10 [INFO]: HTTP Server listening on port 4000
22/06/2024 10:32:07 [INFO]: HTTP Server listening on port 4000
22/06/2024 10:33:47 [INFO]: HTTP Server listening on port 4000
22/06/2024 10:53:21 [INFO]: HTTP Server listening on port 4000
22/06/2024 10:56:21 [INFO]: HTTP Server listening on port 4000
22/06/2024 10:57:03 [INFO]: HTTP Server listening on port 4000
22/06/2024 10:57:55 [INFO]: HTTP Server listening on port 4000
22/06/2024 10:58:44 [INFO]: HTTP Server listening on port 4000
22/06/2024 10:59:37 [INFO]: HTTP Server listening on port 4000
22/06/2024 11:40:30 [INFO]: HTTP Server listening on port 4000
22/06/2024 11:44:36 [INFO]: HTTP Server listening on port 4000
22/06/2024 11:46:30 [INFO]: HTTP Server listening on port 4000
22/06/2024 11:48:39 [INFO]: HTTP Server listening on port 4000
22/06/2024 11:49:16 [INFO]: HTTP Server listening on port 4000
22/06/2024 11:50:23 [INFO]: HTTP Server listening on port 4000
22/06/2024 11:51:02 [INFO]: HTTP Server listening on port 4000
22/06/2024 11:51:47 [INFO]: HTTP Server listening on port 4000
22/06/2024 11:52:58 [INFO]: HTTP Server listening on port 4000
22/06/2024 11:54:14 [INFO]: HTTP Server listening on port 4000
22/06/2024 11:58:27 [INFO]: HTTP Server listening on port 4000
22/06/2024 11:59:08 [INFO]: HTTP Server listening on port 4000
22/06/2024 12:03:36 [INFO]: HTTP Server listening on port 4000
22/06/2024 12:04:29 [INFO]: HTTP Server listening on port 4000
22/06/2024 12:08:04 [INFO]: HTTP Server listening on port 4000
22/06/2024 12:08:21 [INFO]: HTTP Server listening on port 4000
22/06/2024 12:11:21 [INFO]: HTTP Server listening on port 4000
22/06/2024 12:15:14 [INFO]: HTTP Server listening on port 4000
22/06/2024 12:15:27 [INFO]: HTTP Server listening on port 4000
22/06/2024 12:16:15 [INFO]: HTTP Server listening on port 4000
22/06/2024 12:16:22 [INFO]: HTTP Server listening on port 4000
22/06/2024 12:16:41 [INFO]: HTTP Server listening on port 4000
22/06/2024 12:17:15 [INFO]: HTTP Server listening on port 4000
22/06/2024 12:18:35 [INFO]: HTTP Server listening on port 4000
22/06/2024 12:19:00 [INFO]: HTTP Server listening on port 4000
22/06/2024 12:19:07 [INFO]: HTTP Server listening on port 4000
22/06/2024 12:22:36 [INFO]: HTTP Server listening on port 4000
22/06/2024 12:22:39 [INFO]: HTTP Server listening on port 4000
22/06/2024 12:23:13 [INFO]: HTTP Server listening on port 4000
22/06/2024 12:24:03 [INFO]: HTTP Server listening on port 4000
22/06/2024 12:24:46 [INFO]: HTTP Server listening on port 4000
22/06/2024 12:25:31 [INFO]: HTTP Server listening on port 4000
22/06/2024 12:26:51 [INFO]: HTTP Server listening on port 4000
22/06/2024 12:26:57 [INFO]: HTTP Server listening on port 4000
22/06/2024 12:27:37 [ERROR]: Error updating user profile: ReferenceError: next is not defined
22/06/2024 12:29:16 [INFO]: HTTP Server listening on port 4000
22/06/2024 12:29:56 [INFO]: HTTP Server listening on port 4000
22/06/2024 12:51:16 [INFO]: HTTP Server listening on port 4000
22/06/2024 12:52:27 [INFO]: HTTP Server listening on port 4000
22/06/2024 12:54:31 [INFO]: HTTP Server listening on port 4000
22/06/2024 13:01:50 [INFO]: HTTP Server listening on port 4000
22/06/2024 13:02:17 [INFO]: HTTP Server listening on port 4000
22/06/2024 13:02:23 [INFO]: HTTP Server listening on port 4000
22/06/2024 13:02:42 [INFO]: HTTP Server listening on port 4000
22/06/2024 13:03:09 [INFO]: HTTP Server listening on port 4000
22/06/2024 13:03:18 [ERROR]: Error fetching client details: ReferenceError: req is not defined
22/06/2024 13:03:23 [ERROR]: Error fetching client details: ReferenceError: req is not defined
22/06/2024 13:03:23 [ERROR]: Error fetching client details: ReferenceError: req is not defined
22/06/2024 13:04:02 [INFO]: HTTP Server listening on port 4000
22/06/2024 13:04:27 [INFO]: HTTP Server listening on port 4000
22/06/2024 13:04:38 [ERROR]: Error fetching client details: TypeError: Cannot read properties of undefined (reading 'query')
22/06/2024 13:04:38 [ERROR]: Error fetching client details: TypeError: Cannot read properties of undefined (reading 'query')
22/06/2024 13:04:38 [INFO]: HTTP Server listening on port 4000
22/06/2024 13:05:10 [INFO]: HTTP Server listening on port 4000
22/06/2024 13:09:12 [INFO]: HTTP Server listening on port 4000
22/06/2024 13:10:51 [INFO]: HTTP Server listening on port 4000
22/06/2024 13:14:02 [INFO]: HTTP Server listening on port 4000
22/06/2024 13:14:27 [INFO]: HTTP Server listening on port 4000
22/06/2024 13:20:23 [INFO]: HTTP Server listening on port 4000
22/06/2024 13:24:06 [INFO]: HTTP Server listening on port 4000
22/06/2024 13:30:04 [INFO]: HTTP Server listening on port 4000
22/06/2024 13:32:55 [INFO]: HTTP Server listening on port 4000
22/06/2024 13:34:20 [INFO]: HTTP Server listening on port 4000
22/06/2024 13:34:56 [INFO]: HTTP Server listening on port 4000
22/06/2024 13:35:22 [INFO]: HTTP Server listening on port 4000
22/06/2024 13:35:32 [INFO]: HTTP Server listening on port 4000
22/06/2024 13:35:49 [INFO]: HTTP Server listening on port 4000
22/06/2024 13:36:11 [INFO]: HTTP Server listening on port 4000
22/06/2024 13:36:48 [INFO]: HTTP Server listening on port 4000
22/06/2024 13:36:56 [INFO]: HTTP Server listening on port 4000
22/06/2024 13:38:34 [INFO]: HTTP Server listening on port 4000
22/06/2024 13:38:51 [INFO]: HTTP Server listening on port 4000
22/06/2024 13:39:26 [INFO]: HTTP Server listening on port 4000
22/06/2024 13:46:03 [INFO]: HTTP Server listening on port 4000
22/06/2024 13:48:02 [INFO]: HTTP Server listening on port 4000
22/06/2024 13:48:22 [INFO]: HTTP Server listening on port 4000
22/06/2024 13:49:06 [INFO]: HTTP Server listening on port 4000
22/06/2024 13:51:46 [INFO]: HTTP Server listening on port 4000
22/06/2024 13:54:46 [INFO]: HTTP Server listening on port 4000
22/06/2024 13:57:28 [INFO]: HTTP Server listening on port 4000
22/06/2024 14:02:52 [INFO]: HTTP Server listening on port 4000
22/06/2024 14:03:31 [INFO]: HTTP Server listening on port 4000
22/06/2024 14:04:05 [INFO]: HTTP Server listening on port 4000
22/06/2024 14:06:05 [INFO]: HTTP Server listening on port 4000
22/06/2024 14:08:16 [INFO]: HTTP Server listening on port 4000
22/06/2024 14:08:36 [INFO]: HTTP Server listening on port 4000
22/06/2024 14:09:25 [INFO]: HTTP Server listening on port 4000
22/06/2024 14:09:28 [INFO]: HTTP Server listening on port 4000
22/06/2024 14:10:24 [INFO]: HTTP Server listening on port 4000
22/06/2024 14:11:02 [INFO]: HTTP Server listening on port 4000
22/06/2024 14:14:50 [INFO]: HTTP Server listening on port 4000
22/06/2024 14:15:58 [INFO]: HTTP Server listening on port 4000
22/06/2024 14:17:07 [INFO]: HTTP Server listening on port 4000
22/06/2024 14:19:24 [INFO]: HTTP Server listening on port 4000
22/06/2024 14:20:09 [INFO]: HTTP Server listening on port 4000
22/06/2024 14:21:46 [INFO]: HTTP Server listening on port 4000
22/06/2024 14:21:48 [INFO]: HTTP Server listening on port 4000
22/06/2024 14:24:11 [INFO]: HTTP Server listening on port 4000
22/06/2024 14:24:19 [INFO]: HTTP Server listening on port 4000
22/06/2024 14:26:05 [INFO]: HTTP Server listening on port 4000
22/06/2024 15:09:11 [INFO]: HTTP Server listening on port 4000
22/06/2024 15:13:34 [INFO]: HTTP Server listening on port 4000
22/06/2024 16:03:20 [INFO]: HTTP Server listening on port 4000
22/06/2024 16:04:19 [INFO]: HTTP Server listening on port 4000
22/06/2024 16:04:53 [INFO]: HTTP Server listening on port 4000
22/06/2024 16:05:44 [INFO]: HTTP Server listening on port 4000
22/06/2024 16:05:45 [INFO]: HTTP Server listening on port 4000
22/06/2024 16:06:45 [INFO]: HTTP Server listening on port 4000
22/06/2024 16:12:21 [INFO]: HTTP Server listening on port 4000
22/06/2024 16:15:36 [INFO]: HTTP Server listening on port 4000
22/06/2024 16:16:53 [INFO]: HTTP Server listening on port 4000
22/06/2024 16:17:44 [INFO]: HTTP Server listening on port 4000
22/06/2024 16:18:02 [INFO]: HTTP Server listening on port 4000
22/06/2024 16:19:43 [INFO]: HTTP Server listening on port 4000
22/06/2024 16:20:58 [ERROR]: Error in de active client: Error: Client with ID undefined not found
22/06/2024 16:24:14 [INFO]: HTTP Server listening on port 4000
22/06/2024 16:24:21 [INFO]: HTTP Server listening on port 4000
22/06/2024 16:24:42 [ERROR]: Error in deactivating client: ReferenceError: ObjectId is not defined
22/06/2024 16:25:05 [INFO]: HTTP Server listening on port 4000
22/06/2024 16:25:10 [INFO]: HTTP Server listening on port 4000
22/06/2024 16:25:43 [INFO]: HTTP Server listening on port 4000
22/06/2024 16:25:59 [INFO]: HTTP Server listening on port 4000
22/06/2024 16:26:04 [ERROR]: Error in deactivating client: ReferenceError: req is not defined
22/06/2024 16:27:50 [INFO]: HTTP Server listening on port 4000
22/06/2024 16:27:56 [ERROR]: Error in deactivating client: ReferenceError: req is not defined
22/06/2024 16:28:24 [INFO]: HTTP Server listening on port 4000
22/06/2024 16:28:35 [INFO]: HTTP Server listening on port 4000
22/06/2024 16:29:04 [INFO]: HTTP Server listening on port 4000
22/06/2024 16:29:09 [ERROR]: Error in deactivating client: ReferenceError: ObjectId is not defined
22/06/2024 16:29:42 [INFO]: HTTP Server listening on port 4000
22/06/2024 16:29:47 [ERROR]: Error in deactivating client: ReferenceError: ObjectId is not defined
22/06/2024 16:29:54 [INFO]: HTTP Server listening on port 4000
22/06/2024 16:30:40 [ERROR]: Error in deactivating client: ReferenceError: ObjectId is not defined
22/06/2024 16:30:49 [ERROR]: Error in deactivating client: ReferenceError: ObjectId is not defined
22/06/2024 16:33:31 [ERROR]: Error in deactivating client: ReferenceError: ObjectId is not defined
22/06/2024 16:36:00 [INFO]: HTTP Server listening on port 4000
22/06/2024 16:36:59 [INFO]: HTTP Server listening on port 4000
22/06/2024 16:37:49 [INFO]: HTTP Server listening on port 4000
22/06/2024 16:38:05 [ERROR]: Error in deactivating client: ReferenceError: Users is not defined
22/06/2024 16:39:09 [INFO]: HTTP Server listening on port 4000
22/06/2024 16:39:14 [INFO]: HTTP Server listening on port 4000
22/06/2024 16:39:24 [ERROR]: Error in deactivating client: ReferenceError: Users is not defined
22/06/2024 16:39:58 [INFO]: HTTP Server listening on port 4000
22/06/2024 16:40:07 [ERROR]: Error in deactivating client: ReferenceError: Users is not defined
22/06/2024 16:41:09 [INFO]: HTTP Server listening on port 4000
22/06/2024 16:41:11 [ERROR]: Error in deactivating client: ReferenceError: Users is not defined
22/06/2024 16:41:28 [INFO]: HTTP Server listening on port 4000
22/06/2024 16:41:34 [ERROR]: Error in deactivating client: ReferenceError: Users is not defined
22/06/2024 16:42:24 [INFO]: HTTP Server listening on port 4000
22/06/2024 16:46:20 [ERROR]: Error creating reseller: ReferenceError: reseller_id is not defined
22/06/2024 16:50:53 [INFO]: HTTP Server listening on port 4000
22/06/2024 16:54:04 [INFO]: HTTP Server listening on port 4000
22/06/2024 17:01:21 [INFO]: HTTP Server listening on port 4000
22/06/2024 17:22:02 [INFO]: HTTP Server listening on port 4000
22/06/2024 17:25:42 [INFO]: HTTP Server listening on port 4000
22/06/2024 17:26:03 [INFO]: HTTP Server listening on port 4000
22/06/2024 17:27:10 [INFO]: HTTP Server listening on port 4000
22/06/2024 17:31:14 [INFO]: HTTP Server listening on port 4000
22/06/2024 17:32:04 [INFO]: HTTP Server listening on port 4000
22/06/2024 17:32:26 [INFO]: HTTP Server listening on port 4000
22/06/2024 17:35:56 [INFO]: HTTP Server listening on port 4000
22/06/2024 17:43:23 [INFO]: HTTP Server listening on port 4000
22/06/2024 17:43:54 [INFO]: HTTP Server listening on port 4000
22/06/2024 17:44:04 [INFO]: HTTP Server listening on port 4000
22/06/2024 17:46:08 [INFO]: HTTP Server listening on port 4000
22/06/2024 17:47:49 [INFO]: HTTP Server listening on port 4000
22/06/2024 17:49:15 [INFO]: HTTP Server listening on port 4000
22/06/2024 17:51:37 [INFO]: HTTP Server listening on port 4000
22/06/2024 17:54:21 [INFO]: HTTP Server listening on port 4000
22/06/2024 17:56:23 [INFO]: HTTP Server listening on port 4000
22/06/2024 17:57:08 [INFO]: HTTP Server listening on port 4000
22/06/2024 18:00:05 [INFO]: HTTP Server listening on port 4000
22/06/2024 18:00:17 [INFO]: HTTP Server listening on port 4000
22/06/2024 18:00:23 [INFO]: HTTP Server listening on port 4000
22/06/2024 18:03:09 [INFO]: HTTP Server listening on port 4000
22/06/2024 18:03:43 [INFO]: HTTP Server listening on port 4000
22/06/2024 18:05:24 [INFO]: HTTP Server listening on port 4000
22/06/2024 18:06:56 [INFO]: HTTP Server listening on port 4000
22/06/2024 18:07:08 [INFO]: HTTP Server listening on port 4000
22/06/2024 18:10:26 [INFO]: HTTP Server listening on port 4000
22/06/2024 18:10:45 [INFO]: HTTP Server listening on port 4000
22/06/2024 18:12:09 [INFO]: HTTP Server listening on port 4000
22/06/2024 18:13:38 [INFO]: HTTP Server listening on port 4000
22/06/2024 18:16:06 [INFO]: HTTP Server listening on port 4000
22/06/2024 18:20:08 [INFO]: HTTP Server listening on port 4000
22/06/2024 18:21:45 [INFO]: HTTP Server listening on port 4000
